C51 COMPILER V9.54   MAIN                                                                  03/07/2025 00:30:45 PAGE 1   


C51 COMPILER V9.54, COMPILATION OF MODULE MAIN
OBJECT MODULE PLACED IN .\Objects\main.obj
COMPILER INVOKED BY: D:\Keli__v5\C51\BIN\C51.EXE main.c OPTIMIZE(8,SPEED) BROWSE DEBUG OBJECTEXTEND PRINT(.\Listings\mai
                    -n.lst) OBJECT(.\Objects\main.obj)

line level    source

   1          #include "stc15f2k60s2.h"
   2          #include <intrins.h>
   3          
   4          #define LED(X) {P0=X;P2 = (P2&0x1F | 0x80);P2 &=0x1F;}  //LED设备选择
   5          #define SEG(X) {P0=X;P2 = (P2&0x1F | 0xE0);P2 &=0x1F;}  //数码管段选
   6          #define COM(X) {P0=X;P2 = (P2&0x1F | 0xC0);P2 &=0x1F;}  //数码管位选
   7          #define BUZ(X) {P0=X;P2 = (P2&0x1F | 0xA0);P2 &=0x1F;}  //蜂鸣器/继电器的设备选择
   8          
   9          bit dire = 1;
  10          
  11          void INT0_init(void)
  12          {
  13   1              IT0 = 1;
  14   1              EX0 = 1;
  15   1              EA  = 1;
  16   1      }
  17          void isr_Int0(void) interrupt 0
  18          {
  19   1              dire = ~dire;
  20   1      }       
  21          
  22          
  23          void Delay100us()               //@12.000MHz
  24          {
  25   1              unsigned char i, j;
  26   1      
  27   1              i = 2;
  28   1              j = 39;
  29   1              do
  30   1              {
  31   2                      while (--j);
  32   2              } while (--i);
  33   1      }
  34          
  35          
  36          void taskPWM(unsigned char pwm)
  37          {
  38   1              static unsigned char buz = 0x00;
  39   1              static unsigned char index = 0;
  40   1              
  41   1              if(pwm)
  42   1              {
  43   2                      if(++index < pwm)
  44   2                      {
  45   3                              buz |= (1<<6);
  46   3                              Delay100us();
  47   3                      }else{
  48   3                              buz &= ~(1<<6);
  49   3                              Delay100us();
  50   3                      }
  51   2                      
  52   2                      
  53   2              }
  54   1              if(index == 10)
C51 COMPILER V9.54   MAIN                                                                  03/07/2025 00:30:45 PAGE 2   

  55   1              {
  56   2                      index = 0;
  57   2              }
  58   1              LED(buz);
  59   1      }       
  60          
  61          void taskLed(void)
  62          {
  63   1              if(dire==1)
  64   1              {
  65   2                      taskPWM(9);
  66   2              }else{
  67   2                      taskPWM(2);
  68   2              }
  69   1              
  70   1                      
  71   1      }
  72          
  73          void main(void)
  74          {       
  75   1              
  76   1              BUZ(0X00);//关闭蜂鸣器
  77   1              COM(0xFF);//关闭位选
  78   1              SEG(0xFF);//关闭段选
  79   1              LED(0xFF);//关闭LED
  80   1              INT0_init();
  81   1              
  82   1              while(1)
  83   1              {
  84   2                      taskLed();
  85   2              }
  86   1      }


MODULE INFORMATION:   STATIC OVERLAYABLE
   CODE SIZE        =    141    ----
   CONSTANT SIZE    =   ----    ----
   XDATA SIZE       =   ----    ----
   PDATA SIZE       =   ----    ----
   DATA SIZE        =      2    ----
   IDATA SIZE       =   ----    ----
   BIT SIZE         =      1    ----
END OF MODULE INFORMATION.


C51 COMPILATION COMPLETE.  0 WARNING(S),  0 ERROR(S)
